<?xml version="1.0" encoding="UTF-8"?>
<!-- Generated by org.testng.reporters.JUnitReportReporter -->
<testsuite skipped="2" hostname="P3BLAP-G01FRCV" name="com.crm.qa.testclasses.LoginPageTest" tests="3" failures="0" timestamp="24 Apr 2020 10:05:54 GMT" time="36.359" errors="0">
  <testcase name="dologinTest" time="36.359" classname="com.crm.qa.testclasses.LoginPageTest"/>
  <testcase name="verifyloginpagelogoTest" classname="com.crm.qa.testclasses.LoginPageTest">
    <skipped/>
  </testcase> <!-- verifyloginpagelogoTest -->
  <testcase name="verifyLoginPageTitleTest" classname="com.crm.qa.testclasses.LoginPageTest">
    <skipped/>
  </testcase> <!-- verifyLoginPageTitleTest -->
</testsuite> <!-- com.crm.qa.testclasses.LoginPageTest -->
