<?xml version="1.0" encoding="UTF-8"?>
<!-- Generated by org.testng.reporters.JUnitReportReporter -->
<testsuite skipped="2" hostname="P3BLAP-G01FRCV" name="com.crm.qa.testclasses.HomePageTest" tests="3" failures="0" timestamp="24 Apr 2020 12:32:41 GMT" time="91.389" errors="0">
  <testcase name="clickOnContactPageTest" time="91.389" classname="com.crm.qa.testclasses.HomePageTest"/>
  <testcase name="clickOnAccountPageTest" classname="com.crm.qa.testclasses.HomePageTest">
    <skipped/>
  </testcase> <!-- clickOnAccountPageTest -->
  <testcase name="verifyHomePageTitleTest" classname="com.crm.qa.testclasses.HomePageTest">
    <skipped/>
  </testcase> <!-- verifyHomePageTitleTest -->
</testsuite> <!-- com.crm.qa.testclasses.HomePageTest -->
