<?xml version="1.0" encoding="UTF-8"?>
<!-- Generated by org.testng.reporters.JUnitReportReporter -->
<testsuite skipped="0" hostname="P3BLAP-G01FRCV" name="com.crm.qa.testclasses.ContactPageTest" tests="2" failures="0" timestamp="26 Apr 2020 16:27:34 GMT" time="231.785" errors="0">
  <testcase name="newContactCreationAndTitle" time="113.541" classname="com.crm.qa.testclasses.ContactPageTest"/>
  <testcase name="newContactCreationAndTitle" time="118.244" classname="com.crm.qa.testclasses.ContactPageTest"/>
</testsuite> <!-- com.crm.qa.testclasses.ContactPageTest -->
